This is e-pTeX, Version 3.14159265-p3.8.2-190131-2.6 (utf8.euc) (TeX Live 2019) (preloaded format=platex 2019.10.30)  17 JAN 2020 12:20
entering extended mode
 restricted \write18 enabled.
 file:line:error style messages enabled.
 %&-line parsing enabled.
**Theory.tex
(./Theory.tex
pLaTeX2e <2019-04-06> (based on LaTeX2e <2018-12-01>)
./Theory.tex:1: Undefined control sequence.
l.1 \chapter
            {Theoretical Background}\label{chap:theory} 
Here is how much of TeX's memory you used:
 4 strings out of 493223
 38 string characters out of 6144414
 61909 words of memory out of 5000000
 4096 multiletter control sequences out of 15000+600000
 7511 words of font info for 31 fonts, out of 8000000 for 9000
 929 hyphenation exceptions out of 8191
 5i,0n,3p,64b,8s stack positions out of 5000i,500n,10000p,200000b,80000s

No pages of output.
